<?xml version="1.0" encoding="UTF-8"?>
<testsuite name="LibraryTest" tests="1" skipped="0" failures="0" errors="0" timestamp="2017-10-06T13:43:38" hostname="wireless-10-104-223-100.umd.edu" time="1.063">
  <properties/>
  <testcase name="testSomeLibraryMethod" classname="LibraryTest" time="1.063"/>
  <system-out><![CDATA[The Hindu http://www.thehindu.com
Metro http://metro.co.uk
The Lad Bible http://www.theladbible.com
Die Zeit http://www.zeit.de/index
TechRadar http://www.techradar.com
The Guardian (AU) https://www.theguardian.com/au
NFL News http://www.nfl.com/news
New Scientist https://www.newscientist.com/section/news
The Guardian (UK) https://www.theguardian.com/uk
CNN http://us.cnn.com
Ars Technica http://arstechnica.com
Spiegel Online http://www.spiegel.de
The Sport Bible http://www.thesportbible.com
IGN http://www.ign.com
Focus http://www.focus.de
ESPN Cric Info http://www.espncricinfo.com/
National Geographic http://news.nationalgeographic.com
The Next Web http://thenextweb.com
Recode http://www.recode.net
The Times of India http://timesofindia.indiatimes.com
FourFourTwo http://www.fourfourtwo.com/news
The Verge http://www.theverge.com
Bloomberg http://www.bloomberg.com
Hacker News https://news.ycombinator.com
The New York Times http://www.nytimes.com
Reddit /r/all https://www.reddit.com/r/all
The Wall Street Journal http://www.wsj.com
Newsweek http://www.newsweek.com
Wired.de https://www.wired.de
Al Jazeera English http://www.aljazeera.com
CNBC http://www.cnbc.com
Handelsblatt http://www.handelsblatt.com
BBC Sport http://www.bbc.co.uk/sport
The Economist http://www.economist.com
Fox Sports http://www.foxsports.com
Polygon http://www.polygon.com
Mashable http://mashable.com
Der Tagesspiegel http://www.tagesspiegel.de
TalkSport http://talksport.com
Associated Press https://apnews.com/
Business Insider (UK) http://uk.businessinsider.com
ABC News (AU) http://www.abc.net.au/news
Google News https://news.google.com
MTV News (UK) http://www.mtv.co.uk/news
Independent http://www.independent.co.uk
The Huffington Post http://www.huffingtonpost.com
The Telegraph http://www.telegraph.co.uk
T3n http://t3n.de
Engadget https://www.engadget.com
ESPN http://espn.go.com
Buzzfeed https://www.buzzfeed.com
Daily Mail http://www.dailymail.co.uk/home/index.html
Financial Times http://www.ft.com/home/uk
Time http://time.com
BBC News http://www.bbc.co.uk/news
Reuters http://www.reuters.com
The Washington Post https://www.washingtonpost.com
New York Magazine http://nymag.com
USA Today http://www.usatoday.com/news
MTV News http://www.mtv.com/news
Mirror http://www.mirror.co.uk/
TechCrunch https://techcrunch.com
Football Italia http://www.football-italia.net
Business Insider http://www.businessinsider.com
Gruenderszene http://www.gruenderszene.de
Wirtschafts Woche http://www.wiwo.de
Entertainment Weekly http://www.ew.com
Bild http://www.bild.de
Fortune http://fortune.com
Breitbart News http://www.breitbart.com
]]></system-out>
  <system-err><![CDATA[]]></system-err>
</testsuite>
