<?xml version="1.0" encoding="UTF-8"?>
<testsuite name="LibraryTest" tests="2" skipped="0" failures="0" errors="0" timestamp="2017-10-08T18:56:03" hostname="wireless-10-104-223-100.umd.edu" time="1.449">
  <properties/>
  <testcase name="testGetSources" classname="LibraryTest" time="0.972"/>
  <testcase name="testGetArticles" classname="LibraryTest" time="0.477"/>
  <system-out><![CDATA[Ars Technica http://arstechnica.com
Engadget https://www.engadget.com
Gruenderszene http://www.gruenderszene.de
Hacker News https://news.ycombinator.com
Recode http://www.recode.net
T3n http://t3n.de
TechCrunch https://techcrunch.com
TechRadar http://www.techradar.com
The Next Web http://thenextweb.com
The Verge http://www.theverge.com
Wired.de https://www.wired.de
Author: Nathan Mattise, Title: Anna and the Apocalypse: A zombie-Christmas-high school musical can’t be this good, url: https://arstechnica.com/gaming/2017/10/anna-and-the-apocalypse-a-zombie-christmas-high-school-musical-cant-be-this-good/...
Author: Eric Berger, Title: Nate makes nine Atlantic hurricanes in a row—unprecedented in modern era, url: https://arstechnica.com/science/2017/10/with-nate-the-last-nine-atlantic-storms-have-reached-hurricane-status/...
Author: Valentina Palladino, Title: Smart jewelry tested: do beautiful devices have the brains to compete?, url: https://arstechnica.com/gadgets/2017/10/smart-jewelry-tested-do-beautiful-devices-have-the-brains-to-compete/...
Author: Kyle Orland, Title: Saying goodbye to the proto-social network of AOL Instant Messenger, url: https://arstechnica.com/gaming/2017/10/remembering-aol-instant-messenger-my-first-social-network/...
Author: Sam Machkovech, Title: Bethesda: Anti-Nazi game wasn’t meant to “incite political discussions”, url: https://arstechnica.com/gaming/2017/10/bethesda-anti-nazi-game-wasnt-meant-to-incite-political-discussions/...
Author: David Kravets, Title: Vegan’s life upended after Facebook rant about “carnists” killed in Vegas, url: https://arstechnica.com/tech-policy/2017/10/vegans-life-upended-after-facebook-rant-about-carnists-killed-in-vegas/...
Author: Jonathan M. Gitlin, Title: From disasters to freight, this driverless fuel cell platform has it covered, url: https://arstechnica.com/cars/2017/10/from-disasters-to-freight-this-driverless-fuel-cell-platform-has-it-covered/...
Author: Scott K. Johnson, Title: Silicon Valley rose as water use restrictions kicked in, url: https://arstechnica.com/science/2017/10/silicon-valley-rose-as-water-use-restrictions-kicked-in/...
Author: Aaron Zimmerman, Title: The 7th Continent review: A board game unlike anything you’ve ever played, url: https://arstechnica.com/gaming/2017/10/the-7th-continent-review-a-board-game-unlike-anything-youve-ever-played/...
Author: Sean Gallagher, Title: Head, limbs of Kim Wall found, sinking story of suspect in submarine murder, url: https://arstechnica.com/tech-policy/2017/10/head-limbs-of-kim-wall-found-sinking-story-of-suspect-in-submarine-murder/...
]]></system-out>
  <system-err><![CDATA[]]></system-err>
</testsuite>
